24-7월-2024 23:34:04.063 WARN [main] org.apache.james.mailetcontainer.impl.JamesMailetContext.configure:429 - The specified postmaster address ( postmaster@localhost ) is not a local address.  This is not necessarily a problem, but it does mean that emails addressed to the postmaster will be routed to another server.  For some configurations this may cause problems.
24-7월-2024 23:34:04.437 INFO [main] org.apache.james.mailetcontainer.lib.AbstractStateMailetProcessor.parseConfiguration:317 - Matcher All instantiated.
24-7월-2024 23:34:04.444 INFO [main] org.apache.james.mailetcontainer.lib.AbstractStateMailetProcessor.parseConfiguration:328 - Mailet PostmasterAlias instantiated.
24-7월-2024 23:34:04.448 INFO [main] org.apache.james.mailetcontainer.lib.AbstractStateMailetProcessor.parseConfiguration:317 - Matcher RelayLimit=30 instantiated.
24-7월-2024 23:34:04.452 INFO [main] org.apache.james.mailetcontainer.lib.AbstractStateMailetProcessor.parseConfiguration:328 - Mailet Null instantiated.
24-7월-2024 23:34:04.455 INFO [main] org.apache.james.mailetcontainer.lib.AbstractStateMailetProcessor.parseConfiguration:317 - Matcher HasMailAttribute=spamChecked instantiated.
24-7월-2024 23:34:04.459 INFO [main] org.apache.james.mailetcontainer.lib.AbstractStateMailetProcessor.parseConfiguration:328 - Mailet ToProcessor instantiated.
24-7월-2024 23:34:04.460 INFO [main] org.apache.james.mailetcontainer.lib.AbstractStateMailetProcessor.parseConfiguration:317 - Matcher All instantiated.
24-7월-2024 23:34:04.500 INFO [main] org.apache.james.mailetcontainer.lib.AbstractStateMailetProcessor.parseConfiguration:328 - Mailet SetMailAttribute instantiated.
24-7월-2024 23:34:04.504 INFO [main] org.apache.james.mailetcontainer.lib.AbstractStateMailetProcessor.parseConfiguration:317 - Matcher SMTPAuthSuccessful instantiated.
24-7월-2024 23:34:04.505 INFO [main] org.apache.james.mailetcontainer.lib.AbstractStateMailetProcessor.parseConfiguration:328 - Mailet ToProcessor instantiated.
24-7월-2024 23:34:04.506 INFO [main] org.apache.james.mailetcontainer.lib.AbstractStateMailetProcessor.parseConfiguration:317 - Matcher All instantiated.
24-7월-2024 23:34:04.508 INFO [main] org.apache.james.mailetcontainer.lib.AbstractStateMailetProcessor.parseConfiguration:328 - Mailet ToProcessor instantiated.
24-7월-2024 23:34:04.741 INFO [main] org.apache.james.mailetcontainer.lib.AbstractStateMailetProcessor.parseConfiguration:317 - Matcher All instantiated.
24-7월-2024 23:34:04.779 INFO [main] org.apache.james.mailetcontainer.lib.AbstractStateMailetProcessor.parseConfiguration:328 - Mailet ToRepository instantiated.
24-7월-2024 23:34:04.807 INFO [main] org.apache.james.mailetcontainer.lib.AbstractStateMailetProcessor.parseConfiguration:317 - Matcher SMTPAuthSuccessful instantiated.
24-7월-2024 23:34:04.813 INFO [main] org.apache.james.mailetcontainer.lib.AbstractStateMailetProcessor.parseConfiguration:328 - Mailet SetMimeHeader instantiated.
24-7월-2024 23:34:04.814 INFO [main] org.apache.james.mailetcontainer.lib.AbstractStateMailetProcessor.parseConfiguration:317 - Matcher HasMailAttribute=org.apache.james.SMIMECheckSignature instantiated.
24-7월-2024 23:34:04.816 INFO [main] org.apache.james.mailetcontainer.lib.AbstractStateMailetProcessor.parseConfiguration:328 - Mailet SetMimeHeader instantiated.
24-7월-2024 23:34:04.816 INFO [main] org.apache.james.mailetcontainer.lib.AbstractStateMailetProcessor.parseConfiguration:317 - Matcher All instantiated.
24-7월-2024 23:34:04.826 INFO [main] org.apache.james.mailetcontainer.lib.AbstractStateMailetProcessor.parseConfiguration:328 - Mailet RecipientRewriteTable instantiated.
24-7월-2024 23:34:04.829 INFO [main] org.apache.james.mailetcontainer.lib.AbstractStateMailetProcessor.parseConfiguration:317 - Matcher SenderIsLocal instantiated.
24-7월-2024 23:34:05.063 INFO [main] org.apache.james.mailetcontainer.lib.AbstractStateMailetProcessor.parseConfiguration:328 - Mailet ToSenderFolder instantiated.
24-7월-2024 23:34:05.067 INFO [main] org.apache.james.mailetcontainer.lib.AbstractStateMailetProcessor.parseConfiguration:317 - Matcher RecipientIsLocal instantiated.
24-7월-2024 23:34:05.087 INFO [main] org.apache.james.mailetcontainer.lib.AbstractStateMailetProcessor.parseConfiguration:328 - Mailet Sieve instantiated.
24-7월-2024 23:34:05.088 INFO [main] org.apache.james.mailetcontainer.lib.AbstractStateMailetProcessor.parseConfiguration:317 - Matcher RecipientIsLocal instantiated.
24-7월-2024 23:34:05.091 INFO [main] org.apache.james.mailetcontainer.lib.AbstractStateMailetProcessor.parseConfiguration:328 - Mailet AddDeliveredToHeader instantiated.
24-7월-2024 23:34:05.092 INFO [main] org.apache.james.mailetcontainer.lib.AbstractStateMailetProcessor.parseConfiguration:317 - Matcher RecipientIsLocal instantiated.
24-7월-2024 23:34:05.109 INFO [main] org.apache.james.mailetcontainer.lib.AbstractStateMailetProcessor.parseConfiguration:328 - Mailet LocalDelivery instantiated.
24-7월-2024 23:34:05.110 INFO [main] org.apache.james.mailetcontainer.lib.AbstractStateMailetProcessor.parseConfiguration:317 - Matcher All instantiated.
24-7월-2024 23:34:05.176 INFO [main] org.apache.james.mailetcontainer.lib.AbstractStateMailetProcessor.parseConfiguration:328 - Mailet RemoteDelivery instantiated.
24-7월-2024 23:34:05.245 INFO [main] org.apache.james.mailetcontainer.lib.AbstractStateMailetProcessor.parseConfiguration:317 - Matcher All instantiated.
24-7월-2024 23:34:05.249 INFO [main] org.apache.james.mailetcontainer.lib.AbstractStateMailetProcessor.parseConfiguration:328 - Mailet MetricsMailet instantiated.
24-7월-2024 23:34:05.250 INFO [main] org.apache.james.mailetcontainer.lib.AbstractStateMailetProcessor.parseConfiguration:317 - Matcher All instantiated.
24-7월-2024 23:34:05.262 INFO [main] org.apache.james.mailetcontainer.lib.AbstractStateMailetProcessor.parseConfiguration:328 - Mailet Bounce instantiated.
24-7월-2024 23:34:05.263 INFO [main] org.apache.james.mailetcontainer.lib.AbstractStateMailetProcessor.parseConfiguration:317 - Matcher All instantiated.
24-7월-2024 23:34:05.272 INFO [main] org.apache.james.mailetcontainer.lib.AbstractStateMailetProcessor.parseConfiguration:328 - Mailet ToRepository instantiated.
24-7월-2024 23:34:05.304 INFO [main] org.apache.james.mailetcontainer.lib.AbstractStateMailetProcessor.parseConfiguration:317 - Matcher All instantiated.
24-7월-2024 23:34:05.310 INFO [main] org.apache.james.mailetcontainer.lib.AbstractStateMailetProcessor.parseConfiguration:328 - Mailet ToRepository instantiated.
24-7월-2024 23:34:05.327 INFO [main] org.apache.james.mailetcontainer.lib.AbstractStateMailetProcessor.parseConfiguration:317 - Matcher All instantiated.
24-7월-2024 23:34:05.329 INFO [main] org.apache.james.mailetcontainer.lib.AbstractStateMailetProcessor.parseConfiguration:328 - Mailet SetMailAttribute instantiated.
24-7월-2024 23:34:05.329 INFO [main] org.apache.james.mailetcontainer.lib.AbstractStateMailetProcessor.parseConfiguration:317 - Matcher SMTPAuthSuccessful instantiated.
24-7월-2024 23:34:05.331 INFO [main] org.apache.james.mailetcontainer.lib.AbstractStateMailetProcessor.parseConfiguration:328 - Mailet Bounce instantiated.
24-7월-2024 23:34:05.331 INFO [main] org.apache.james.mailetcontainer.lib.AbstractStateMailetProcessor.parseConfiguration:317 - Matcher All instantiated.
24-7월-2024 23:34:05.332 INFO [main] org.apache.james.mailetcontainer.lib.AbstractStateMailetProcessor.parseConfiguration:328 - Mailet Null instantiated.
24-7월-2024 23:34:05.361 INFO [main] org.apache.james.mailetcontainer.lib.AbstractStateMailetProcessor.parseConfiguration:317 - Matcher All instantiated.
24-7월-2024 23:34:05.372 INFO [main] org.apache.james.mailetcontainer.lib.AbstractStateMailetProcessor.parseConfiguration:328 - Mailet ToRepository instantiated.
24-7월-2024 23:34:05.391 INFO [main] org.apache.james.mailetcontainer.lib.AbstractStateMailetProcessor.parseConfiguration:317 - Matcher All instantiated.
24-7월-2024 23:34:05.399 INFO [main] org.apache.james.mailetcontainer.lib.AbstractStateMailetProcessor.parseConfiguration:328 - Mailet ToRepository instantiated.
24-7월-2024 23:34:05.417 INFO [main] org.apache.james.mailetcontainer.lib.AbstractStateMailetProcessor.parseConfiguration:317 - Matcher All instantiated.
24-7월-2024 23:34:05.529 INFO [main] org.apache.james.mailetcontainer.lib.AbstractStateMailetProcessor.parseConfiguration:328 - Mailet DSNBounce instantiated.
24-7월-2024 23:34:05.554 INFO [main] org.apache.james.mailetcontainer.impl.JamesMailSpooler.init:105 - init...
24-7월-2024 23:34:05.558 INFO [main] org.apache.james.mailetcontainer.impl.JamesMailSpooler.init:108 - uses 20 Thread(s)
24-7월-2024 23:34:05.559 INFO [main] org.apache.james.mailetcontainer.impl.JamesMailSpooler.run:113 - Queue=MailQueue:spool
24-7월-2024 23:34:06.080 INFO [main] org.apache.james.mailetcontainer.impl.JamesMailSpooler.dispose:175 - start dispose() ...
24-7월-2024 23:34:06.081 INFO [main] org.apache.james.mailetcontainer.impl.JamesMailSpooler.dispose:183 - thread shutdown completed.
